<?xml version="1.0" encoding="UTF-8"?>
<!-- Generated by org.testng.reporters.JUnitReportReporter -->
<testsuite hostname="DESKTOP-D3FTI2I" failures="0" tests="1" name="rama.TestNG" time="0.005" errors="0" timestamp="2022-09-16T20:32:55 IST" skipped="0">
  <testcase classname="rama.TestNG" name="test" time="0.005"/>
  <system-out/>
</testsuite> <!-- rama.TestNG -->
