<?xml version="1.0" encoding="UTF-8"?>
<!-- Generated by org.testng.reporters.JUnitReportReporter -->
<testsuite hostname="DESKTOP-D3FTI2I" failures="0" tests="1" name="rama.c1_TestNgClass" time="0.004" errors="0" timestamp="2022-12-29T21:18:50 IST" skipped="0">
  <testcase classname="rama.c1_TestNgClass" name="test" time="0.004"/>
  <system-out/>
</testsuite> <!-- rama.c1_TestNgClass -->
